0 info it worked if it ends with ok
1 verbose cli [ 'c:\\Program Files\\nodejs\\node.exe',
1 verbose cli   'c:\\Program Files\\nodejs\\node_modules\\npm\\bin\\npm-cli.js',
1 verbose cli   'publish' ]
2 info using npm@1.4.28
3 info using node@v0.10.35
4 verbose publish [ '.' ]
5 verbose cache add [ '.', null ]
6 verbose cache add name=undefined spec="." args=[".",null]
7 verbose parsed url { protocol: null,
7 verbose parsed url   slashes: null,
7 verbose parsed url   auth: null,
7 verbose parsed url   host: null,
7 verbose parsed url   port: null,
7 verbose parsed url   hostname: null,
7 verbose parsed url   hash: null,
7 verbose parsed url   search: null,
7 verbose parsed url   query: null,
7 verbose parsed url   pathname: '.',
7 verbose parsed url   path: '.',
7 verbose parsed url   href: '.' }
8 silly lockFile 3a52ce78- .
9 verbose lock . C:\Users\DannyLaptop\AppData\Roaming\npm-cache\3a52ce78-.lock
10 verbose tar pack [ 'C:\\Users\\DannyLaptop\\AppData\\Roaming\\npm-cache\\node-red-contrib-mpd\\0.0.1\\package.tgz',
10 verbose tar pack   '.' ]
11 verbose tarball C:\Users\DannyLaptop\AppData\Roaming\npm-cache\node-red-contrib-mpd\0.0.1\package.tgz
12 verbose folder .
13 info prepublish node-red-contrib-mpd@0.0.1
14 silly lockFile 1f1177db-tar tar://.
15 verbose lock tar://. C:\Users\DannyLaptop\AppData\Roaming\npm-cache\1f1177db-tar.lock
16 silly lockFile 04e5a0cf-ed-contrib-mpd-0-0-1-package-tgz tar://C:\Users\DannyLaptop\AppData\Roaming\npm-cache\node-red-contrib-mpd\0.0.1\package.tgz
17 verbose lock tar://C:\Users\DannyLaptop\AppData\Roaming\npm-cache\node-red-contrib-mpd\0.0.1\package.tgz C:\Users\DannyLaptop\AppData\Roaming\npm-cache\04e5a0cf-ed-contrib-mpd-0-0-1-package-tgz.lock
18 silly lockFile 1f1177db-tar tar://.
19 silly lockFile 1f1177db-tar tar://.
20 silly lockFile 04e5a0cf-ed-contrib-mpd-0-0-1-package-tgz tar://C:\Users\DannyLaptop\AppData\Roaming\npm-cache\node-red-contrib-mpd\0.0.1\package.tgz
21 silly lockFile 04e5a0cf-ed-contrib-mpd-0-0-1-package-tgz tar://C:\Users\DannyLaptop\AppData\Roaming\npm-cache\node-red-contrib-mpd\0.0.1\package.tgz
22 silly lockFile b78603ae-de-red-contrib-mpd-0-0-1-package C:\Users\DannyLaptop\AppData\Roaming\npm-cache\node-red-contrib-mpd\0.0.1\package
23 verbose lock C:\Users\DannyLaptop\AppData\Roaming\npm-cache\node-red-contrib-mpd\0.0.1\package C:\Users\DannyLaptop\AppData\Roaming\npm-cache\b78603ae-de-red-contrib-mpd-0-0-1-package.lock
24 silly lockFile b78603ae-de-red-contrib-mpd-0-0-1-package C:\Users\DannyLaptop\AppData\Roaming\npm-cache\node-red-contrib-mpd\0.0.1\package
25 silly lockFile b78603ae-de-red-contrib-mpd-0-0-1-package C:\Users\DannyLaptop\AppData\Roaming\npm-cache\node-red-contrib-mpd\0.0.1\package
26 silly lockFile 3a52ce78- .
27 silly lockFile 3a52ce78- .
28 silly publish { name: 'node-red-contrib-mpd',
28 silly publish   version: '0.0.1',
28 silly publish   description: 'A node-red node to control a mpd server and receive status updates from the server like the current played song',
28 silly publish   keywords: [ 'node-red' ],
28 silly publish   author: { name: 'Danny Drieß, cinhcet@gmail.com' },
28 silly publish   license: 'Apache-2.0',
28 silly publish   dependencies: { mpd: '^1.2.0' },
28 silly publish   repository:
28 silly publish    { type: 'git',
28 silly publish      url: 'https://github.com/cinhcet/node-red-contrib-mpd.git' },
28 silly publish   'node-red':
28 silly publish    { nodes:
28 silly publish       { 'mpd in': 'mpd/mpd.js',
28 silly publish         'mpd out': 'mpd/mpd.js',
28 silly publish         'mpd-server': 'mpd/mpd.js' } },
28 silly publish   gitHead: '40cb798de6a5347347eb6e02f6585001cc67a2f8',
28 silly publish   bugs: { url: 'https://github.com/cinhcet/node-red-contrib-mpd/issues' },
28 silly publish   readme: 'ERROR: No README data found!',
28 silly publish   homepage: 'https://github.com/cinhcet/node-red-contrib-mpd',
28 silly publish   _id: 'node-red-contrib-mpd@0.0.1',
28 silly publish   scripts: {},
28 silly publish   _shasum: 'd00ed1507676e3e3730e47572400bdbf5559be99',
28 silly publish   _from: '.' }
29 verbose request where is /node-red-contrib-mpd
30 verbose request registry https://registry.npmjs.org/
31 verbose request id 0ec0b83f975efeaa
32 verbose url raw /node-red-contrib-mpd
33 verbose url resolving [ 'https://registry.npmjs.org/', './node-red-contrib-mpd' ]
34 verbose url resolved https://registry.npmjs.org/node-red-contrib-mpd
35 verbose request where is https://registry.npmjs.org/node-red-contrib-mpd
36 info trying registry request attempt 1 at 14:38:21
37 http PUT https://registry.npmjs.org/node-red-contrib-mpd
38 http 403 https://registry.npmjs.org/node-red-contrib-mpd
39 verbose headers { date: 'Thu, 19 Mar 2015 13:38:20 GMT',
39 verbose headers   server: 'CouchDB/1.5.0 (Erlang OTP/R16B03)',
39 verbose headers   'content-type': 'application/json',
39 verbose headers   'cache-control': 'max-age=60',
39 verbose headers   'content-length': '2483',
39 verbose headers   'accept-ranges': 'bytes',
39 verbose headers   via: '1.1 varnish',
39 verbose headers   'x-served-by': 'cache-fra1232-FRA',
39 verbose headers   'x-cache': 'MISS',
39 verbose headers   'x-cache-hits': '0',
39 verbose headers   'x-timer': 'S1426772299.307094,VS0,VE819',
39 verbose headers   'keep-alive': 'timeout=10, max=50',
39 verbose headers   connection: 'Keep-Alive' }
40 error publish Failed PUT 403
41 error Error: forbidden cannot modify pre-existing version: 0.0.1
41 error old={"name":"node-red-contrib-mpd","version":"0.0.1","description":"A node-red node to control a mpd server and receive status updates from the server like the current played song","keywords":["node-red"],"author":{"name":"Danny Drieß, cinhcet@gmail.com"},"license":"Apache-2.0","dependencies":{"mpd":"^1.2.0"},"repository":{"type":"git","url":"https://github.com/cinhcet/node-red-contrib-mpd.git"},"node-red":{"nodes":{"mpd":"mpd/mpd.js"}},"gitHead":"40cb798de6a5347347eb6e02f6585001cc67a2f8","bugs":{"url":"https://github.com/cinhcet/node-red-contrib-mpd/issues"},"homepage":"https://github.com/cinhcet/node-red-contrib-mpd","_id":"node-red-contrib-mpd@0.0.1","scripts":{},"_shasum":"9f973f282a6a8b5da159afd199c437329d433168","_from":".","_npmVersion":"1.4.28","_npmUser":{"name":"cinhcet","email":"cinhcet@gmail.com"},"maintainers":[{"name":"cinhcet","email":"cinhcet@gmail.com"}],"dist":{"shasum":"9f973f282a6a8b5da159afd199c437329d433168","tarball":"http://registry.npmjs.org/node-red-contrib-mpd/-/node-red-contrib-mpd-0.0.1.tgz"}}
41 error new={"name":"node-red-contrib-mpd","version":"0.0.1","description":"A node-red node to control a mpd server and receive status updates from the server like the current played song","keywords":["node-red"],"author":{"name":"Danny Drieß, cinhcet@gmail.com"},"license":"Apache-2.0","dependencies":{"mpd":"^1.2.0"},"repository":{"type":"git","url":"https://github.com/cinhcet/node-red-contrib-mpd.git"},"node-red":{"nodes":{"mpd in":"mpd/mpd.js","mpd out":"mpd/mpd.js","mpd-server":"mpd/mpd.js"}},"gitHead":"40cb798de6a5347347eb6e02f6585001cc67a2f8","bugs":{"url":"https://github.com/cinhcet/node-red-contrib-mpd/issues"},"readme":"ERROR: No README data found!","homepage":"https://github.com/cinhcet/node-red-contrib-mpd","_id":"node-red-contrib-mpd@0.0.1","scripts":{},"_shasum":"d00ed1507676e3e3730e47572400bdbf5559be99","_from":".","_npmVersion":"1.4.28","_npmUser":{"name":"cinhcet","email":"cinhcet@gmail.com"},"maintainers":[{"name":"cinhcet","email":"cinhcet@gmail.com"}],"dist":{"shasum":"d00ed1507676e3e3730e47572400bdbf5559be99","tarball":"http://registry.npmjs.org/node-red-contrib-mpd/-/node-red-contrib-mpd-0.0.1.tgz"}}: node-red-contrib-mpd
41 error     at RegClient.<anonymous> (c:\Program Files\nodejs\node_modules\npm\node_modules\npm-registry-client\lib\request.js:308:14)
41 error     at Request._callback (c:\Program Files\nodejs\node_modules\npm\node_modules\npm-registry-client\lib\request.js:246:65)
41 error     at Request.self.callback (c:\Program Files\nodejs\node_modules\npm\node_modules\request\request.js:236:22)
41 error     at Request.emit (events.js:98:17)
41 error     at Request.<anonymous> (c:\Program Files\nodejs\node_modules\npm\node_modules\request\request.js:1142:14)
41 error     at Request.emit (events.js:117:20)
41 error     at IncomingMessage.<anonymous> (c:\Program Files\nodejs\node_modules\npm\node_modules\request\request.js:1096:12)
41 error     at IncomingMessage.emit (events.js:117:20)
41 error     at _stream_readable.js:944:16
41 error     at process._tickCallback (node.js:442:13)
42 error If you need help, you may report this *entire* log,
42 error including the npm and node versions, at:
42 error     <http://github.com/npm/npm/issues>
43 error System Windows_NT 6.1.7601
44 error command "c:\\Program Files\\nodejs\\node.exe" "c:\\Program Files\\nodejs\\node_modules\\npm\\bin\\npm-cli.js" "publish"
45 error cwd d:\Projekte\NodeRed\Node-Entwicklung\MPD-Node
46 error node -v v0.10.35
47 error npm -v 1.4.28
48 verbose exit [ 1, true ]
